Build started 10/28/2014 3:12:20 PM.
     1>Project "C:\Users\aviadh\IDC\Prgrming Wrkshp\helloWorld\helloWrodl\helloWrodl\helloWrodl.vcxproj" on node 2 (Build target(s)).
     1>ClCompile:
         C:\Program Files (x86)\Microsoft Visual Studio 12.0\VC\bin\CL.exe /c /ZI /nologo /W3 /WX- /sdl /Od /Oy- /D WIN32 /D _DEBUG /D _CONSOLE /D _LIB /D _UNICODE /D UNICODE /Gm /EHsc /RTC1 /MDd /GS /fp:precise /Zc:wchar_t /Zc:forScope /Fo"Debug\\" /Fd"Debug\vc120.pdb" /Gd /TC /analyze- /errorReport:prompt letsGo.c
         letsGo.c
     1>c:\users\aviadh\idc\prgrming wrkshp\helloworld\hellowrodl\hellowrodl\letsgo.c(5): error C4996: 'scanf': This function or variable may be unsafe. Consider using scanf_s instead. To disable deprecation, use _CRT_SECURE_NO_WARNINGS. See online help for details.
                 c:\program files (x86)\microsoft visual studio 12.0\vc\include\stdio.h(283) : see declaration of 'scanf'
     1>Done Building Project "C:\Users\aviadh\IDC\Prgrming Wrkshp\helloWorld\helloWrodl\helloWrodl\helloWrodl.vcxproj" (Build target(s)) -- FAILED.

Build FAILED.

Time Elapsed 00:00:00.09
