Build started 1/19/2015 21:04:00.
     1>Project "C:\Users\aviadh\IDC\HomeWorkSecondYearFirstSemester\Prgrming_Wrkshp\Ex06\Ex06\Ex06\Ex06.vcxproj" on node 2 (Build target(s)).
     1>ClCompile:
         C:\Program Files (x86)\Microsoft Visual Studio 12.0\VC\bin\CL.exe /c /ZI /nologo /W3 /WX- /Od /Oy- /D WIN32 /D _DEBUG /D _CONSOLE /D _LIB /D _UNICODE /D UNICODE /Gm /EHsc /RTC1 /MDd /GS /fp:precise /Zc:wchar_t /Zc:forScope /Fo"Debug\\" /Fd"Debug\vc120.pdb" /Gd /TC /analyze- /errorReport:prompt readString.c
         readString.c
     1>c:\users\aviadh\idc\homeworksecondyearfirstsemester\prgrming_wrkshp\ex06\ex06\ex06\readstring.c(16): error C2040: 'readString' : 'int (char *)' differs in levels of indirection from 'char *(void)'
     1>Done Building Project "C:\Users\aviadh\IDC\HomeWorkSecondYearFirstSemester\Prgrming_Wrkshp\Ex06\Ex06\Ex06\Ex06.vcxproj" (Build target(s)) -- FAILED.

Build FAILED.

Time Elapsed 00:00:00.05
