Build started 10/27/2014 7:48:26 PM.
     1>Project "C:\Users\aviadh\IDC\Prgrming Wrkshp\summingNumbers\FirstOneToGo\FirstOneToGo\FirstOneToGo.vcxproj" on node 2 (Build target(s)).
     1>ClCompile:
         C:\Program Files (x86)\Microsoft Visual Studio 12.0\VC\bin\CL.exe /c /ZI /nologo /W3 /WX- /sdl /Od /Oy- /D WIN32 /D _DEBUG /D _CONSOLE /D _LIB /D _UNICODE /D UNICODE /Gm /EHsc /RTC1 /MDd /GS /fp:precise /Zc:wchar_t /Zc:forScope /Fo"Debug\\" /Fd"Debug\vc120.pdb" /Gd /TC /analyze- /errorReport:prompt main.c
         main.c
     1>c:\users\aviadh\idc\prgrming wrkshp\summingnumbers\firstonetogo\firstonetogo\main.c(6): error C4996: 'scanf': This function or variable may be unsafe. Consider using scanf_s instead. To disable deprecation, use _CRT_SECURE_NO_WARNINGS. See online help for details.
                 c:\program files (x86)\microsoft visual studio 12.0\vc\include\stdio.h(283) : see declaration of 'scanf'
     1>c:\users\aviadh\idc\prgrming wrkshp\summingnumbers\firstonetogo\firstonetogo\main.c(10): warning C4013: 'sum' undefined; assuming extern returning int
     1>Done Building Project "C:\Users\aviadh\IDC\Prgrming Wrkshp\summingNumbers\FirstOneToGo\FirstOneToGo\FirstOneToGo.vcxproj" (Build target(s)) -- FAILED.

Build FAILED.

Time Elapsed 00:00:00.13
